
> gdevelop-ide@0.1.0 start:editor
> react-app-rewired --max-old-space-size=8192 start --stats-children

Starting the development server...

Compiled successfully!

You can now view gdevelop-ide in the browser.

  Local:            http://localhost:3014
  On Your Network:  http://192.168.1.6:3014

Note that the development build is not optimized.
To create a production build, use npm run build.

assets by path [1m[32mstatic/js/*.js[39m[22m 178 MiB
  assets by chunk 28.7 MiB (id hint: vendors)
    asset [1m[32mstatic/js/vendors-node_modules_material-ui_core_esm_AccordionActions_AccordionActions_js-node_modules_m-b198b7.chunk.js[39m[22m 12.5 MiB [1m[32m[emitted][39m[22m (id hint: vendors) 1 related asset
    asset [1m[32mstatic/js/vendors-node_modules_typescript_lib_typescript_js.chunk.js[39m[22m 8.9 MiB [1m[32m[emitted][39m[22m (id hint: vendors) 1 related asset
    + 17 assets
  + 168 assets
assets by info 1.39 MiB [1m[32m[immutable][39m[22m
  assets by path [1m[32mstatic/[39m[22m 1.34 MiB
    assets by chunk 1.34 MiB (auxiliary name: main) 7 assets
    + 4 assets
  assets by path [1m[32m*.js[39m[22m 46.7 KiB
    asset [1m[32mTypeScriptCompiler.worker.4d0ef724c6afb342e9ee.worker.js[39m[22m 16.3 KiB [1m[32m[emitted][39m[22m [1m[32m[immutable][39m[22m 1 related asset
    + 6 assets
asset [1m[32masset-manifest.json[39m[22m 49 KiB [1m[32m[emitted][39m[22m
asset [1m[32mindex.html[39m[22m 2.95 KiB [1m[32m[emitted][39m[22m
cached modules 157 MiB (javascript) 1.34 MiB (asset) [1m[32m[cached][39m[22m 6319 modules
runtime modules 118 KiB 61 modules
javascript modules 15.1 KiB
  modules by path [1m./node_modules/[39m[22m 11.5 KiB
    [1m./node_modules/webpack-dev-server/client/index.js?protocol=ws%3A&hostname=0.0.0....(truncated)[39m[22m 11 KiB [1m[33m[built][39m[22m [1m[33m[code generated][39m[22m
    [1m./node_modules/pixi.js/lib/_virtual/checkImageBitmap.worker.js[39m[22m 144 bytes [1m[31m[not cacheable][39m[22m [1m[33m[built][39m[22m
    [1m./node_modules/pixi.js/lib/_virtual/loadImageBitmap.worker.js[39m[22m 143 bytes [1m[31m[not cacheable][39m[22m [1m[33m[built][39m[22m
    [1m./node_modules/pixi.js/lib/_virtual/basis.worker.js[39m[22m 133 bytes [1m[31m[not cacheable][39m[22m [1m[33m[built][39m[22m
    [1m./node_modules/pixi.js/lib/_virtual/ktx.worker.js[39m[22m 131 bytes [1m[31m[not cacheable][39m[22m [1m[33m[built][39m[22m
  modules by path [1m./src/[39m[22m 3.63 KiB
    [1m./src/ResourcesList/ResourcePreview/Resource3DPreview.worker.js[39m[22m 1.21 KiB [1m[31m[not cacheable][39m[22m [1m[33m[built][39m[22m
    [1m./src/Utils/BackgroundSerializer.worker.js[39m[22m 1.21 KiB [1m[31m[not cacheable][39m[22m [1m[33m[built][39m[22m
    [1m./src/CodeEditor/TypeScriptCompiler.worker.js[39m[22m 1.21 KiB [1m[31m[not cacheable][39m[22m [1m[33m[built][39m[22m
  Entrypoint [1mHtmlWebpackPlugin_0-0[39m[22m =
  cached modules 3.51 KiB (javascript) 754 bytes (runtime) [1m[32m[cached][39m[22m 6 modules
    
  Child [1mHtmlWebpackCompiler[39m[22m compiled [1m[32msuccessfully[39m[22m

  assets by status 5.9 KiB [1m[32m[cached][39m[22m 1 asset
  cached modules 5.24 KiB [1m[32m[cached][39m[22m 1 module
    
  Child [1mworker-loader C:\Users\Tech Shop\Desktop\Carrots-Game-Engine\Carrots-Engine source code\newIDE\app\node_modules\react-scripts\node_modules\source-map-loader\dist\cjs.js!C:\Users\Tech Shop\Desktop\Carrots-Game-Engine\Carrots-Engine source code\newIDE\app\node_modules\pixi.js\lib\_virtual\basis.worker.js[39m[22m compiled [1m[32msuccessfully[39m[22m

  assets by status 1.94 KiB [1m[32m[cached][39m[22m 1 asset
  cached modules 1.25 KiB [1m[32m[cached][39m[22m 1 module
    
  Child [1mworker-loader C:\Users\Tech Shop\Desktop\Carrots-Game-Engine\Carrots-Engine source code\newIDE\app\node_modules\react-scripts\node_modules\source-map-loader\dist\cjs.js!C:\Users\Tech Shop\Desktop\Carrots-Game-Engine\Carrots-Engine source code\newIDE\app\node_modules\pixi.js\lib\_virtual\checkImageBitmap.worker.js[39m[22m compiled [1m[32msuccessfully[39m[22m

  assets by status 9.33 KiB [1m[32m[cached][39m[22m 1 asset
  cached modules 8.67 KiB [1m[32m[cached][39m[22m 1 module
    
  Child [1mworker-loader C:\Users\Tech Shop\Desktop\Carrots-Game-Engine\Carrots-Engine source code\newIDE\app\node_modules\react-scripts\node_modules\source-map-loader\dist\cjs.js!C:\Users\Tech Shop\Desktop\Carrots-Game-Engine\Carrots-Engine source code\newIDE\app\node_modules\pixi.js\lib\_virtual\ktx.worker.js[39m[22m compiled [1m[32msuccessfully[39m[22m

  assets by status 2.2 KiB [1m[32m[cached][39m[22m 1 asset
  cached modules 1.51 KiB [1m[32m[cached][39m[22m 1 module
    
  Child [1mworker-loader C:\Users\Tech Shop\Desktop\Carrots-Game-Engine\Carrots-Engine source code\newIDE\app\node_modules\react-scripts\node_modules\source-map-loader\dist\cjs.js!C:\Users\Tech Shop\Desktop\Carrots-Game-Engine\Carrots-Engine source code\newIDE\app\node_modules\pixi.js\lib\_virtual\loadImageBitmap.worker.js[39m[22m compiled [1m[32msuccessfully[39m[22m

  assets by status 8.91 MiB [1m[32m[cached][39m[22m 2 assets
  cached modules 8.9 MiB (javascript) 3.68 KiB (runtime) [1m[32m[cached][39m[22m 20 modules
    
  Child [1mworker-loader C:\Users\Tech Shop\Desktop\Carrots-Game-Engine\Carrots-Engine source code\newIDE\app\node_modules\react-scripts\node_modules\source-map-loader\dist\cjs.js!C:\Users\Tech Shop\Desktop\Carrots-Game-Engine\Carrots-Engine source code\newIDE\app\src\CodeEditor\TypeScriptCompiler.worker.js[39m[22m compiled [1m[32msuccessfully[39m[22m

  assets by status 1.72 KiB [1m[32m[cached][39m[22m 1 asset
  ./node_modules/react-scripts/node_modules/source-map-loader/dist/cjs.js![1m./src/ResourcesList/ResourcePreview/Resource3DPreview.worker.js[39m[22m 7.7 KiB [1m[33m[built][39m[22m [1m[31m[1 error][39m[22m
    

  [1m[31mERROR[39m[22m in [1m./src/ResourcesList/ResourcePreview/Resource3DPreview.worker.js[39m[22m (./node_modules/react-scripts/node_modules/source-map-loader/dist/cjs.js!./src/ResourcesList/ResourcePreview/Resource3DPreview.worker.js) [1m[32m117:40[39m[22m
  [1mModule parse [1m[31mfailed[39m[22m[1m: [1m[31mUnexpected[39m[22m[1m token (117:40)
  File was processed with these loaders:
   * ./node_modules/react-scripts/node_modules/source-map-loader/dist/cjs.js
  You may need an additional loader to handle the result of these loaders.
  |   if (studioEnvironmentRenderTarget) {
  |     scene.environment = studioEnvironmentRenderTarget.texture;
  >     const sceneWithEnvironment = ((scene: any): {
  |       environmentIntensity?: number,
  |     });[39m[22m

  Child [1mworker-loader C:\Users\Tech Shop\Desktop\Carrots-Game-Engine\Carrots-Engine source code\newIDE\app\node_modules\react-scripts\node_modules\source-map-loader\dist\cjs.js!C:\Users\Tech Shop\Desktop\Carrots-Game-Engine\Carrots-Engine source code\newIDE\app\src\ResourcesList\ResourcePreview\Resource3DPreview.worker.js[39m[22m compiled with [1m[31m1 error[39m[22m

  assets by status 9.35 KiB [1m[32m[cached][39m[22m 1 asset
  cached modules 5.45 KiB (javascript) 695 bytes (runtime) [1m[32m[cached][39m[22m 5 modules
    
  Child [1mworker-loader C:\Users\Tech Shop\Desktop\Carrots-Game-Engine\Carrots-Engine source code\newIDE\app\node_modules\react-scripts\node_modules\source-map-loader\dist\cjs.js!C:\Users\Tech Shop\Desktop\Carrots-Game-Engine\Carrots-Engine source code\newIDE\app\src\Utils\BackgroundSerializer.worker.js[39m[22m compiled [1m[32msuccessfully[39m[22m
webpack 5.88.2 compiled with [1m[31m1 error[39m[22m in 42419 ms
No issues found.
